<?xml version="1.0" encoding="UTF-8"?>
<!-- Generated by org.testng.reporters.JUnitXMLReporter -->
<testsuite hostname="DESKTOP-2SLPI4C" ignored="0" name="Validate Title Test" tests="2" failures="1" timestamp="29 Jan 2022 10:12:16 GMT" time="5.873" errors="0">
  <testcase name="searchTest" time="0.004" classname="testCases.ValidateTitle">
    <failure type="java.lang.AssertionError" message="expected [true] but found [false]">
      <![CDATA[java.lang.AssertionError: expected [true] but found [false]
at testCases.ValidateTitle.searchTest(ValidateTitle.java:38)
... Removed 31 stack frames]]>
    </failure>
  </testcase> <!-- searchTest -->
  <testcase name="titlePageNavigation" time="0.046" classname="testCases.ValidateTitle"/>
</testsuite> <!-- Validate Title Test -->
